<?xml version="1.0" encoding="UTF-8"?>
<!-- Generated by org.testng.reporters.JUnitReportReporter -->
<testsuite skipped="0" hostname="CDC2-L-FBGKPN2" name="DriverInterfaceRef" tests="1" failures="0" timestamp="12 Jul 2019 06:12:29 GMT" time="12.702" errors="0">
  <testcase name="launch" time="12.702" classname="DriverInterfaceRef"/>
</testsuite> <!-- DriverInterfaceRef -->
